0 info it worked if it ends with ok
1 verbose cli [ '/opt/local/bin/node', '/opt/local/bin/npm', 'shrinkwrap' ]
2 info using npm@2.1.8
3 info using node@v0.10.33
4 verbose stack Error: Problems were encountered
4 verbose stack Please correct and try again.
4 verbose stack extraneous: less@2.5.0 /Users/trentrand/Developer/TrentRand.com/node_modules/less
4 verbose stack     at shrinkwrap_ (/opt/local/lib/node_modules/npm/lib/shrinkwrap.js:31:15)
4 verbose stack     at /opt/local/lib/node_modules/npm/lib/shrinkwrap.js:25:5
4 verbose stack     at /opt/local/lib/node_modules/npm/lib/ls.js:46:30
4 verbose stack     at /opt/local/lib/node_modules/npm/node_modules/read-installed/read-installed.js:138:5
4 verbose stack     at /opt/local/lib/node_modules/npm/node_modules/read-installed/read-installed.js:251:14
4 verbose stack     at cb (/opt/local/lib/node_modules/npm/node_modules/slide/lib/async-map.js:47:24)
4 verbose stack     at /opt/local/lib/node_modules/npm/node_modules/read-installed/read-installed.js:251:14
4 verbose stack     at cb (/opt/local/lib/node_modules/npm/node_modules/slide/lib/async-map.js:47:24)
4 verbose stack     at /opt/local/lib/node_modules/npm/node_modules/read-installed/read-installed.js:251:14
4 verbose stack     at cb (/opt/local/lib/node_modules/npm/node_modules/slide/lib/async-map.js:47:24)
5 verbose cwd /Users/trentrand/Developer/TrentRand.com
6 error Darwin 14.1.0
7 error argv "/opt/local/bin/node" "/opt/local/bin/npm" "shrinkwrap"
8 error node v0.10.33
9 error npm  v2.1.8
10 error Problems were encountered
10 error Please correct and try again.
10 error extraneous: less@2.5.0 /Users/trentrand/Developer/TrentRand.com/node_modules/less
11 error If you need help, you may report this error at:
11 error     <http://github.com/npm/npm/issues>
12 verbose exit [ 1, true ]
